Changelog format:
Version (Name) [Time in GMT +08:00] <Optional YANKED label>
☆Important for important notes.
+Added for new features.
*Changed for changes in existing functionality.
/Deprecated for once-stable features removed in upcoming releases.
-Removed for deprecated features removed in this release.
&Fixed for any bug fixes.
!Security to invite users to upgrade in case of vulnerabilities.
~Comment for notes.

v0.10.0 (Xamarin Update) [Unreleased]
-0.9.0 Haloween theme
~Contains all features from 0.8.0 (Smallest Update Ever)

Changelog format update [2016-11-15 Tue 17:30]:
Version (Name) [Time in GMT +08:00] <Optional YANKED label>
☆Important for important notes.
+Added for new features.
*Changed for changes in existing functionality.
/Deprecated for once-stable features removed in upcoming releases.
-Removed for deprecated features removed in this release.
&Fixed for any bug fixes.
!Security to invite users to upgrade in case of vulnerabilities.
~Comment for notes.

Old:
Version (Name)
+Added
-Removed
*Changed
/Suspended
~Comment

v0.9.0 (Pretty Scary Update) [2016-10-21 Fri 13:04]
+Haloween is near... Added Haloween theme
*Now the pumpkin king replaces the MathSolver dragon (Easter Egg: Kill the pumpkin king!)
*Let's factorize pumpkins and moons
*MathSolver icon changed to pumpkin king... Oooh scary!

v0.8.0 (Smallest Update Ever) [2016-10-19 Wed 20:37]
*Improved MathSolver ever so slightly.

v0.7.1 (Factorizer Update Bugfix) [2016-10-13 Thu 23:14]
+Scrollable VocabBook translation
+Changelog display (previously only avaliable in the .aia)
*Fixed Sports time display
*Fixed dragon health display causing memoery overflow
*Improved Factorizer output -1(3X+-2Y) => -(3X-2Y)
*Now stops trying to factorize when the expression in unfactorizable.

v0.7.0 (Factorizer Update) [2016-10-12 Wed 21:55]
+Introducing the Quadratic Factorizer
+Copying text for all three maths screens, Translator and VocabBook
+Icons and volume control in MusicTuner
+Forum ID validation test
+Current time display in Sports
+Health display in MathSolver
*Fixed MusicTuner looping issue
-Developer Screen due to the 10 screen limit
~New stuff for every screen!

Versions before the changelog was added
=======================================

v0.6.9 [2016-10-08 Sat 19:28]
v0.6.8 [2016-10-08 Sat 13:14]
v0.6.7 [2016-10-08 Sat 12:42]
v0.6.6 [2016-10-08 Sat 12:03]
v0.6.5 [2016-10-08 Sat 10:52]
v0.6.4 [2016-10-08 Sat 10:25]
v0.6.3 [2016-10-08 Sat 09:55]
v0.6.2 [2016-10-07 Fri 19:03]
v0.6.1 [2016-10-07 Fri 17:41]
v0.5.0 [2016-10-07 Fri 16:46]
v0.4.2 [2016-10-06 Thu 20:09]
v0.4.1 [2016-10-06 Thu 20:09]
v0.3.0 [2016-10-06 Thu 18:42]
v0.2.0 [2016-10-05 Wed 19:21]
v0.1.0 [2016-10-04 Tue 17:19]
